Using pre-set license
Built from '2021.3/staging' branch; Version is '2021.3.15f1 (e8e88683f834) revision 15263878'; Using compiler version '192829333'; Build Type 'Release'
OS: 'Windows 10  (10.0.19045) 64bit Core' Language: 'en' Physical Memory: 32548 MB
BatchMode: 1, IsHumanControllingUs: 0, StartBugReporterOnCrash: 0, Is64bit: 1, IsPro: 1

COMMAND LINE ARGUMENTS:
C:\Program Files\Unity\Hub\Editor\2021.3.15f1\Editor\Unity.exe
-adb2
-batchMode
-noUpm
-name
AssetImportWorker0
-projectPath
E:/Downloads/PokeBall-Z-main/PokeBall-Z-main
-logFile
Logs/AssetImportWorker0.log
-srvPort
60135
Successfully changed project path to: E:/Downloads/PokeBall-Z-main/PokeBall-Z-main
E:/Downloads/PokeBall-Z-main/PokeBall-Z-main
[UnityMemory] Configuration Parameters - Can be set up in boot.config
    "memorysetup-bucket-allocator-granularity=16"
    "memorysetup-bucket-allocator-bucket-count=8"
    "memorysetup-bucket-allocator-block-size=33554432"
    "memorysetup-bucket-allocator-block-count=8"
    "memorysetup-main-allocator-block-size=16777216"
    "memorysetup-thread-allocator-block-size=16777216"
    "memorysetup-gfx-main-allocator-block-size=16777216"
    "memorysetup-gfx-thread-allocator-block-size=16777216"
    "memorysetup-cache-allocator-block-size=4194304"
    "memorysetup-typetree-allocator-block-size=2097152"
    "memorysetup-profiler-bucket-allocator-granularity=16"
    "memorysetup-profiler-bucket-allocator-bucket-count=8"
    "memorysetup-profiler-bucket-allocator-block-size=33554432"
    "memorysetup-profiler-bucket-allocator-block-count=8"
    "memorysetup-profiler-allocator-block-size=16777216"
    "memorysetup-profiler-editor-allocator-block-size=1048576"
    "memorysetup-temp-allocator-size-main=16777216"
    "memorysetup-job-temp-allocator-block-size=2097152"
    "memorysetup-job-temp-allocator-block-size-background=1048576"
    "memorysetup-job-temp-allocator-reduction-small-platforms=262144"
    "memorysetup-temp-allocator-size-background-worker=32768"
    "memorysetup-temp-allocator-size-job-worker=262144"
    "memorysetup-temp-allocator-size-preload-manager=33554432"
    "memorysetup-temp-allocator-size-nav-mesh-worker=65536"
    "memorysetup-temp-allocator-size-audio-worker=65536"
    "memorysetup-temp-allocator-size-cloud-worker=32768"
    "memorysetup-temp-allocator-size-gi-baking-worker=262144"
    "memorysetup-temp-allocator-size-gfx=262144"
Player connection [960] Host "[IP] 10.0.0.183 [Port] 0 [Flags] 2 [Guid] 1582147740 [EditorId] 1582147740 [Version] 1048832 [Id] WindowsEditor(7,Stephen) [Debug] 1 [PackageName] WindowsEditor [ProjectName] Editor" joined multi-casting on [225.0.0.222:54997]...

Player connection [960] Host "[IP] 10.0.0.183 [Port] 0 [Flags] 2 [Guid] 1582147740 [EditorId] 1582147740 [Version] 1048832 [Id] WindowsEditor(7,Stephen) [Debug] 1 [PackageName] WindowsEditor [ProjectName] Editor" joined alternative multi-casting on [225.0.0.222:34997]...

Refreshing native plugins compatible for Editor in 95.99 ms, found 4 plugins.
Preloading 0 native plugins for Editor in 0.00 ms.
Initialize engine version: 2021.3.15f1 (e8e88683f834)
[Subsystems] Discovering subsystems at path C:/Program Files/Unity/Hub/Editor/2021.3.15f1/Editor/Data/Resources/UnitySubsystems
[Subsystems] Discovering subsystems at path E:/Downloads/PokeBall-Z-main/PokeBall-Z-main/Assets
GfxDevice: creating device client; threaded=0; jobified=0
Direct3D:
    Version:  Direct3D 11.0 [level 11.1]
    Renderer: NVIDIA GeForce RTX 3090 (ID=0x2204)
    Vendor:   NVIDIA
    VRAM:     24348 MB
    Driver:   30.0.15.1295
Initialize mono
Mono path[0] = 'C:/Program Files/Unity/Hub/Editor/2021.3.15f1/Editor/Data/Managed'
Mono path[1] = 'C:/Program Files/Unity/Hub/Editor/2021.3.15f1/Editor/Data/MonoBleedingEdge/lib/mono/unityjit-win32'
Mono config path = 'C:/Program Files/Unity/Hub/Editor/2021.3.15f1/Editor/Data/MonoBleedingEdge/etc'
Using monoOptions --debugger-agent=transport=dt_socket,embedding=1,server=y,suspend=n,address=127.0.0.1:56980
Begin MonoManager ReloadAssembly
Registering precompiled unity dll's ...
Register platform support module: C:/Program Files/Unity/Hub/Editor/2021.3.15f1/Editor/Data/PlaybackEngines/WebGLSupport/UnityEditor.WebGL.Extensions.dll
Register platform support module: C:/Program Files/Unity/Hub/Editor/2021.3.15f1/Editor/Data/PlaybackEngines/AndroidPlayer/UnityEditor.Android.Extensions.dll
Register platform support module: C:/Program Files/Unity/Hub/Editor/2021.3.15f1/Editor/Data/PlaybackEngines/iOSSupport/UnityEditor.iOS.Extensions.dll
Register platform support module: C:/Program Files/Unity/Hub/Editor/2021.3.15f1/Editor/Data/PlaybackEngines/WindowsStandaloneSupport/UnityEditor.WindowsStandalone.Extensions.dll
Registered in 0.008960 seconds.
Native extension for WindowsStandalone target not found
[usbmuxd] Start listen thread
[usbmuxd] Listen thread started
Native extension for iOS target not found
Native extension for Android target not found
Native extension for WebGL target not found
Refreshing native plugins compatible for Editor in 91.12 ms, found 4 plugins.
Preloading 0 native plugins for Editor in 0.00 ms.
Mono: successfully reloaded assembly
- Completed reload, in  0.594 seconds
Domain Reload Profiling:
	ReloadAssembly (594ms)
		BeginReloadAssembly (69ms)
			ExecutionOrderSort (0ms)
			DisableScriptedObjects (0ms)
			BackupInstance (0ms)
			ReleaseScriptingObjects (0ms)
			CreateAndSetChildDomain (1ms)
		EndReloadAssembly (429ms)
			LoadAssemblies (68ms)
			RebuildTransferFunctionScriptingTraits (0ms)
			SetupTypeCache (89ms)
			ReleaseScriptCaches (0ms)
			RebuildScriptCaches (22ms)
			SetupLoadedEditorAssemblies (270ms)
				LogAssemblyErrors (0ms)
				InitializePlatformSupportModulesInManaged (56ms)
				SetLoadedEditorAssemblies (0ms)
				RefreshPlugins (91ms)
				BeforeProcessingInitializeOnLoad (1ms)
				ProcessInitializeOnLoadAttributes (86ms)
				ProcessInitializeOnLoadMethodAttributes (36ms)
				AfterProcessingInitializeOnLoad (0ms)
				EditorAssembliesLoaded (0ms)
			ExecutionOrderSort2 (0ms)
			AwakeInstancesAfterBackupRestoration (0ms)
Platform modules already initialized, skipping
Registering precompiled user dll's ...
Registered in 0.005982 seconds.
Multiple ADB server instances found, the following ADB server instance have been terminated due to being run from another SDK. Process paths: 
C:\Program Files\Unity\Hub\Editor\2021.3.16f1\Editor\Data\PlaybackEngines\AndroidPlayer\SDK\platform-tools\adb.exe
0x00007ff61174c77d (Unity) StackWalker::GetCurrentCallstack
0x00007ff611753339 (Unity) StackWalker::ShowCallstack
0x00007ff6126c0003 (Unity) GetStacktrace
0x00007ff612d5fe1d (Unity) DebugStringToFile
0x00007ff61081a162 (Unity) DebugLogHandler_CUSTOM_Internal_Log
0x00000208c5d44993 (Mono JIT Code) (wrapper managed-to-native) UnityEngine.DebugLogHandler:Internal_Log (UnityEngine.LogType,UnityEngine.LogOption,string,UnityEngine.Object)
0x00000208c5d4466b (Mono JIT Code) UnityEngine.DebugLogHandler:LogFormat (UnityEngine.LogType,UnityEngine.Object,string,object[])
0x00000208c5d443f0 (Mono JIT Code) UnityEngine.Logger:Log (UnityEngine.LogType,object)
0x00000208c5d442b8 (Mono JIT Code) UnityEngine.Debug:Log (object)
0x00000208c5baca6b (Mono JIT Code) UnityEditor.Android.AndroidDeploymentTargetsExtension:GetKnownTargets (UnityEditor.DeploymentTargets.IDeploymentTargetsMainThreadContext,UnityEditor.ProgressHandler)
0x00000208c49da8d3 (Mono JIT Code) UnityEditor.Android.TargetScanWorker:DoScan (UnityEditor.DeploymentTargets.IDeploymentTargetsExtension,UnityEditor.DeploymentTargets.IDeploymentTargetsMainThreadContext,System.Threading.CancellationToken)
0x00000208c49da76b (Mono JIT Code) UnityEditor.Android.TargetScanWorker/<>c__DisplayClass8_0:<Scan>b__0 ()
0x00000208c49da634 (Mono JIT Code) System.Threading.Tasks.Task:InnerInvoke ()
0x00000208c49da554 (Mono JIT Code) System.Threading.Tasks.Task:Execute ()
0x00000208c49da503 (Mono JIT Code) System.Threading.Tasks.Task:ExecutionContextCallback (object)
0x00000208c49da1ce (Mono JIT Code) System.Threading.ExecutionContext:RunInternal (System.Threading.ExecutionContext,System.Threading.ContextCallback,object,bool)
0x00000208c49d9fcb (Mono JIT Code) System.Threading.ExecutionContext:Run (System.Threading.ExecutionContext,System.Threading.ContextCallback,object,bool)
0x00000208c49d9b1b (Mono JIT Code) System.Threading.Tasks.Task:ExecuteWithThreadLocal (System.Threading.Tasks.Task&)
0x00000208c49d966b (Mono JIT Code) System.Threading.Tasks.Task:ExecuteEntry (bool)
0x00000208c49d940b (Mono JIT Code) System.Threading.Tasks.Task:System.Threading.IThreadPoolWorkItem.ExecuteWorkItem ()
0x00000208c49d6eda (Mono JIT Code) System.Threading.ThreadPoolWorkQueue:Dispatch ()
0x00000208c49d6a0b (Mono JIT Code) System.Threading._ThreadPoolWaitCallback:PerformWaitCallback ()
0x00000208c49d6ae5 (Mono JIT Code) (wrapper runtime-invoke) <Module>:runtime_invoke_bool (object,intptr,intptr,intptr)
0x00007ffa25b3feb4 (mono-2.0-bdwgc) [mini-runtime.c:3445] mono_jit_runtime_invoke 
0x00007ffa25a7e764 (mono-2.0-bdwgc) [object.c:3066] do_runtime_invoke 
0x00007ffa25abb847 (mono-2.0-bdwgc) [threadpool.c:386] worker_callback 
0x00007ffa25abe8e0 (mono-2.0-bdwgc) [threadpool-worker-default.c:502] worker_thread 
0x00007ffa25aad2db (mono-2.0-bdwgc) [threads.c:1268] start_wrapper_internal 
0x00007ffa25aad4b6 (mono-2.0-bdwgc) [threads.c:1344] start_wrapper 
0x00007ffad8c374b4 (KERNEL32) BaseThreadInitThunk
0x00007ffada0826a1 (ntdll) RtlUserThreadStart

Begin MonoManager ReloadAssembly
Symbol file LoadedFromMemory doesn't match image E:\Downloads\PokeBall-Z-main\PokeBall-Z-main\Library\PackageCache\com.unity.visualscripting@1.7.8\Editor\VisualScripting.Core\Dependencies\YamlDotNet\Unity.VisualScripting.YamlDotNet.dll
Symbol file LoadedFromMemory doesn't match image E:\Downloads\PokeBall-Z-main\PokeBall-Z-main\Library\PackageCache\com.unity.visualscripting@1.7.8\Editor\VisualScripting.Core\Dependencies\DotNetZip\Unity.VisualScripting.IonicZip.dll
Native extension for WindowsStandalone target not found
Native extension for iOS target not found
Native extension for Android target not found
Native extension for WebGL target not found
Refreshing native plugins compatible for Editor in 85.98 ms, found 4 plugins.
Preloading 0 native plugins for Editor in 0.00 ms.
Mono: successfully reloaded assembly
Package Manager log level set to [2]
- Completed reload, in  1.159 seconds
Domain Reload Profiling:
	ReloadAssembly (1160ms)
		BeginReloadAssembly (213ms)
			ExecutionOrderSort (0ms)
			DisableScriptedObjects (5ms)
			BackupInstance (0ms)
			ReleaseScriptingObjects (0ms)
			CreateAndSetChildDomain (129ms)
		EndReloadAssembly (849ms)
			LoadAssemblies (79ms)
			RebuildTransferFunctionScriptingTraits (0ms)
			SetupTypeCache (207ms)
			ReleaseScriptCaches (0ms)
			RebuildScriptCaches (57ms)
			SetupLoadedEditorAssemblies (461ms)
				LogAssemblyErrors (0ms)
				InitializePlatformSupportModulesInManaged (31ms)
				SetLoadedEditorAssemblies (0ms)
				RefreshPlugins (86ms)
				BeforeProcessingInitializeOnLoad (108ms)
				ProcessInitializeOnLoadAttributes (194ms)
				ProcessInitializeOnLoadMethodAttributes (33ms)
				AfterProcessingInitializeOnLoad (8ms)
				EditorAssembliesLoaded (0ms)
			ExecutionOrderSort2 (0ms)
			AwakeInstancesAfterBackupRestoration (5ms)
Platform modules already initialized, skipping
========================================================================
Worker process is ready to serve import requests
Launched and connected shader compiler UnityShaderCompiler.exe after 0.04 seconds
Refreshing native plugins compatible for Editor in 0.76 ms, found 4 plugins.
Preloading 0 native plugins for Editor in 0.00 ms.
Unloading 4293 Unused Serialized files (Serialized files now loaded: 0)
Unloading 53 unused Assets / (56.5 KB). Loaded Objects now: 4736.
Memory consumption went from 158.5 MB to 158.4 MB.
Total: 2.778900 ms (FindLiveObjects: 0.264800 ms CreateObjectMapping: 0.133100 ms MarkObjects: 2.308500 ms  DeleteObjects: 0.071700 ms)

AssetImportParameters requested are different than current active one (requested -> active):
  custom:video-decoder-ogg-theora: a1e56fd34408186e4bbccfd4996cb3dc -> 
  custom:container-muxer-webm: aa71ff27fc2769a1b78a27578f13a17b -> 
  custom:container-demuxer-webm: 4f35f7cbe854078d1ac9338744f61a02 -> 
  custom:video-encoder-webm-vp8: eb34c28f22e8b96e1ab97ce403110664 -> 
  custom:video-codec-MediaFoundation-h265: 746d11721c4dcdbdad8f713fa42b33f4 -> 
  custom:audio-encoder-webm-vorbis: bf7c407c2cedff20999df2af8eb42d56 -> 
  custom:framework-win-MediaFoundation: 216162199b28c13a410421893ffa2e32 -> 
  custom:container-demuxer-ogg: 62fdf1f143b41e24485cea50d1cbac27 -> 
  custom:video-decoder-webm-vp8: 9c59270c3fd7afecdb556c50c9e8de78 -> 
  custom:audio-decoder-ogg-vorbis: bf7c407c2cedff20999df2af8eb42d56 -> 
========================================================================
Received Import Request.
  Time since last request: 10600.005176 seconds.
  path: Assets/Readme.asset
  artifactKey: Guid(7f2c382dc2c22446db59030979f6e495) Importer(815301076,1909f56bfc062723c751e8b465ee728b)
Start importing Assets/Readme.asset using Guid(7f2c382dc2c22446db59030979f6e495) Importer(815301076,1909f56bfc062723c751e8b465ee728b)  -> (artifact id: 'bb5a96da0d1335ae901594340dde250e') in 0.037702 seconds 
========================================================================
Received Import Request.
  Time since last request: 169.823036 seconds.
  path: Assets/mc
  artifactKey: Guid(a53977fb21fc0d04a8529af5804d1a0f) Importer(815301076,1909f56bfc062723c751e8b465ee728b)
Start importing Assets/mc using Guid(a53977fb21fc0d04a8529af5804d1a0f) Importer(815301076,1909f56bfc062723c751e8b465ee728b)  -> (artifact id: '7c5275a8e1ab315abc3dfaeb2242656e') in 0.012877 seconds 
========================================================================
Received Import Request.
  Time since last request: 0.236050 seconds.
  path: Assets/mc/Circle.png
  artifactKey: Guid(a9738b5e816cf7e49ae6d10d56fe9176) Importer(815301076,1909f56bfc062723c751e8b465ee728b)
Start importing Assets/mc/Circle.png using Guid(a9738b5e816cf7e49ae6d10d56fe9176) Importer(815301076,1909f56bfc062723c751e8b465ee728b)  -> (artifact id: '8fc0a431d39844fdd41c6db97fe26df8') in 0.098038 seconds 
========================================================================
Received Import Request.
  Time since last request: 34.062578 seconds.
  path: Assets/mc/DownWalk
  artifactKey: Guid(2074d517d24a6af4c97e82cdfdf57ebc) Importer(815301076,1909f56bfc062723c751e8b465ee728b)
Start importing Assets/mc/DownWalk using Guid(2074d517d24a6af4c97e82cdfdf57ebc) Importer(815301076,1909f56bfc062723c751e8b465ee728b)  -> (artifact id: 'ab00a299ca9c93d4604c6ea8a4767e8b') in 0.012602 seconds 
========================================================================
Received Import Request.
  Time since last request: 0.077831 seconds.
  path: Assets/mc/DownWalk/IdleDown.asset
  artifactKey: Guid(1d757112c2fb7d04588bed4cafdb3028) Importer(815301076,1909f56bfc062723c751e8b465ee728b)
Start importing Assets/mc/DownWalk/IdleDown.asset using Guid(1d757112c2fb7d04588bed4cafdb3028) Importer(815301076,1909f56bfc062723c751e8b465ee728b)  -> (artifact id: '0cf298f5f4cf9ee82f47b987bb3186af') in 0.055474 seconds 
========================================================================
Received Import Request.
  Time since last request: 0.000025 seconds.
  path: Assets/mc/DownWalk/Red Spritesheet_1.asset
  artifactKey: Guid(47a9533061efd7a4f8535f81ec74409e) Importer(815301076,1909f56bfc062723c751e8b465ee728b)
Start importing Assets/mc/DownWalk/Red Spritesheet_1.asset using Guid(47a9533061efd7a4f8535f81ec74409e) Importer(815301076,1909f56bfc062723c751e8b465ee728b)  -> (artifact id: 'c8d6c0f96973974f34a549f8f20360ce') in 0.031518 seconds 
Editor requested this worker to shutdown with reason: Scaling down because of idle timeout
AssetImportWorker is now disconnected from the server
Process exiting
Exiting without the bug reporter. Application will terminate with return code 0