Using pre-set license
Built from '2021.3/staging' branch; Version is '2021.3.15f1 (e8e88683f834) revision 15263878'; Using compiler version '192829333'; Build Type 'Release'
OS: 'Windows 10  (10.0.19045) 64bit Core' Language: 'en' Physical Memory: 32548 MB
BatchMode: 1, IsHumanControllingUs: 0, StartBugReporterOnCrash: 0, Is64bit: 1, IsPro: 1

COMMAND LINE ARGUMENTS:
C:\Program Files\Unity\Hub\Editor\2021.3.15f1\Editor\Unity.exe
-adb2
-batchMode
-noUpm
-name
AssetImportWorker2
-projectPath
E:/Downloads/PokeBall-Z-main/PokeBall-Z-main
-logFile
Logs/AssetImportWorker2.log
-srvPort
60135
Successfully changed project path to: E:/Downloads/PokeBall-Z-main/PokeBall-Z-main
E:/Downloads/PokeBall-Z-main/PokeBall-Z-main
[UnityMemory] Configuration Parameters - Can be set up in boot.config
    "memorysetup-bucket-allocator-granularity=16"
    "memorysetup-bucket-allocator-bucket-count=8"
    "memorysetup-bucket-allocator-block-size=33554432"
    "memorysetup-bucket-allocator-block-count=8"
    "memorysetup-main-allocator-block-size=16777216"
    "memorysetup-thread-allocator-block-size=16777216"
    "memorysetup-gfx-main-allocator-block-size=16777216"
    "memorysetup-gfx-thread-allocator-block-size=16777216"
    "memorysetup-cache-allocator-block-size=4194304"
    "memorysetup-typetree-allocator-block-size=2097152"
    "memorysetup-profiler-bucket-allocator-granularity=16"
    "memorysetup-profiler-bucket-allocator-bucket-count=8"
    "memorysetup-profiler-bucket-allocator-block-size=33554432"
    "memorysetup-profiler-bucket-allocator-block-count=8"
    "memorysetup-profiler-allocator-block-size=16777216"
    "memorysetup-profiler-editor-allocator-block-size=1048576"
    "memorysetup-temp-allocator-size-main=16777216"
    "memorysetup-job-temp-allocator-block-size=2097152"
    "memorysetup-job-temp-allocator-block-size-background=1048576"
    "memorysetup-job-temp-allocator-reduction-small-platforms=262144"
    "memorysetup-temp-allocator-size-background-worker=32768"
    "memorysetup-temp-allocator-size-job-worker=262144"
    "memorysetup-temp-allocator-size-preload-manager=33554432"
    "memorysetup-temp-allocator-size-nav-mesh-worker=65536"
    "memorysetup-temp-allocator-size-audio-worker=65536"
    "memorysetup-temp-allocator-size-cloud-worker=32768"
    "memorysetup-temp-allocator-size-gi-baking-worker=262144"
    "memorysetup-temp-allocator-size-gfx=262144"
Player connection [27432] Host "[IP] 10.0.0.183 [Port] 0 [Flags] 2 [Guid] 3254256580 [EditorId] 3254256580 [Version] 1048832 [Id] WindowsEditor(7,Stephen) [Debug] 1 [PackageName] WindowsEditor [ProjectName] Editor" joined multi-casting on [225.0.0.222:54997]...

Player connection [27432] Host "[IP] 10.0.0.183 [Port] 0 [Flags] 2 [Guid] 3254256580 [EditorId] 3254256580 [Version] 1048832 [Id] WindowsEditor(7,Stephen) [Debug] 1 [PackageName] WindowsEditor [ProjectName] Editor" joined alternative multi-casting on [225.0.0.222:34997]...

Refreshing native plugins compatible for Editor in 89.60 ms, found 4 plugins.
Preloading 0 native plugins for Editor in 0.00 ms.
Initialize engine version: 2021.3.15f1 (e8e88683f834)
[Subsystems] Discovering subsystems at path C:/Program Files/Unity/Hub/Editor/2021.3.15f1/Editor/Data/Resources/UnitySubsystems
[Subsystems] Discovering subsystems at path E:/Downloads/PokeBall-Z-main/PokeBall-Z-main/Assets
GfxDevice: creating device client; threaded=0; jobified=0
Direct3D:
    Version:  Direct3D 11.0 [level 11.1]
    Renderer: NVIDIA GeForce RTX 3090 (ID=0x2204)
    Vendor:   NVIDIA
    VRAM:     24348 MB
    Driver:   30.0.15.1295
Initialize mono
Mono path[0] = 'C:/Program Files/Unity/Hub/Editor/2021.3.15f1/Editor/Data/Managed'
Mono path[1] = 'C:/Program Files/Unity/Hub/Editor/2021.3.15f1/Editor/Data/MonoBleedingEdge/lib/mono/unityjit-win32'
Mono config path = 'C:/Program Files/Unity/Hub/Editor/2021.3.15f1/Editor/Data/MonoBleedingEdge/etc'
Using monoOptions --debugger-agent=transport=dt_socket,embedding=1,server=y,suspend=n,address=127.0.0.1:56456
Begin MonoManager ReloadAssembly
Registering precompiled unity dll's ...
Register platform support module: C:/Program Files/Unity/Hub/Editor/2021.3.15f1/Editor/Data/PlaybackEngines/WebGLSupport/UnityEditor.WebGL.Extensions.dll
Register platform support module: C:/Program Files/Unity/Hub/Editor/2021.3.15f1/Editor/Data/PlaybackEngines/AndroidPlayer/UnityEditor.Android.Extensions.dll
Register platform support module: C:/Program Files/Unity/Hub/Editor/2021.3.15f1/Editor/Data/PlaybackEngines/iOSSupport/UnityEditor.iOS.Extensions.dll
Register platform support module: C:/Program Files/Unity/Hub/Editor/2021.3.15f1/Editor/Data/PlaybackEngines/WindowsStandaloneSupport/UnityEditor.WindowsStandalone.Extensions.dll
Registered in 0.009444 seconds.
Native extension for WindowsStandalone target not found
[usbmuxd] Start listen thread
[usbmuxd] Listen thread started
Native extension for iOS target not found
Native extension for Android target not found
Native extension for WebGL target not found
Refreshing native plugins compatible for Editor in 80.62 ms, found 4 plugins.
Preloading 0 native plugins for Editor in 0.00 ms.
Mono: successfully reloaded assembly
- Completed reload, in  0.582 seconds
Domain Reload Profiling:
	ReloadAssembly (582ms)
		BeginReloadAssembly (63ms)
			ExecutionOrderSort (0ms)
			DisableScriptedObjects (0ms)
			BackupInstance (0ms)
			ReleaseScriptingObjects (0ms)
			CreateAndSetChildDomain (1ms)
		EndReloadAssembly (401ms)
			LoadAssemblies (61ms)
			RebuildTransferFunctionScriptingTraits (0ms)
			SetupTypeCache (86ms)
			ReleaseScriptCaches (0ms)
			RebuildScriptCaches (22ms)
			SetupLoadedEditorAssemblies (250ms)
				LogAssemblyErrors (0ms)
				InitializePlatformSupportModulesInManaged (56ms)
				SetLoadedEditorAssemblies (0ms)
				RefreshPlugins (81ms)
				BeforeProcessingInitializeOnLoad (1ms)
				ProcessInitializeOnLoadAttributes (78ms)
				ProcessInitializeOnLoadMethodAttributes (34ms)
				AfterProcessingInitializeOnLoad (0ms)
				EditorAssembliesLoaded (0ms)
			ExecutionOrderSort2 (0ms)
			AwakeInstancesAfterBackupRestoration (0ms)
Platform modules already initialized, skipping
Registering precompiled user dll's ...
Registered in 0.005157 seconds.
Begin MonoManager ReloadAssembly
Symbol file LoadedFromMemory doesn't match image E:\Downloads\PokeBall-Z-main\PokeBall-Z-main\Library\PackageCache\com.unity.visualscripting@1.7.8\Editor\VisualScripting.Core\Dependencies\YamlDotNet\Unity.VisualScripting.YamlDotNet.dll
Symbol file LoadedFromMemory doesn't match image E:\Downloads\PokeBall-Z-main\PokeBall-Z-main\Library\PackageCache\com.unity.visualscripting@1.7.8\Editor\VisualScripting.Core\Dependencies\DotNetZip\Unity.VisualScripting.IonicZip.dll
Native extension for WindowsStandalone target not found
Native extension for iOS target not found
Native extension for Android target not found
Native extension for WebGL target not found
Refreshing native plugins compatible for Editor in 85.26 ms, found 4 plugins.
Preloading 0 native plugins for Editor in 0.00 ms.
Mono: successfully reloaded assembly
Package Manager log level set to [2]
- Completed reload, in  1.193 seconds
Domain Reload Profiling:
	ReloadAssembly (1194ms)
		BeginReloadAssembly (200ms)
			ExecutionOrderSort (0ms)
			DisableScriptedObjects (4ms)
			BackupInstance (0ms)
			ReleaseScriptingObjects (0ms)
			CreateAndSetChildDomain (118ms)
		EndReloadAssembly (882ms)
			LoadAssemblies (85ms)
			RebuildTransferFunctionScriptingTraits (0ms)
			SetupTypeCache (225ms)
			ReleaseScriptCaches (1ms)
			RebuildScriptCaches (58ms)
			SetupLoadedEditorAssemblies (468ms)
				LogAssemblyErrors (0ms)
				InitializePlatformSupportModulesInManaged (24ms)
				SetLoadedEditorAssemblies (0ms)
				RefreshPlugins (85ms)
				BeforeProcessingInitializeOnLoad (115ms)
				ProcessInitializeOnLoadAttributes (201ms)
				ProcessInitializeOnLoadMethodAttributes (35ms)
				AfterProcessingInitializeOnLoad (7ms)
				EditorAssembliesLoaded (0ms)
			ExecutionOrderSort2 (0ms)
			AwakeInstancesAfterBackupRestoration (4ms)
Platform modules already initialized, skipping
========================================================================
Worker process is ready to serve import requests
Launched and connected shader compiler UnityShaderCompiler.exe after 0.04 seconds
Refreshing native plugins compatible for Editor in 0.66 ms, found 4 plugins.
Preloading 0 native plugins for Editor in 0.00 ms.
Unloading 4293 Unused Serialized files (Serialized files now loaded: 0)
Unloading 53 unused Assets / (56.1 KB). Loaded Objects now: 4736.
Memory consumption went from 158.4 MB to 158.3 MB.
Total: 2.715600 ms (FindLiveObjects: 0.261600 ms CreateObjectMapping: 0.147400 ms MarkObjects: 2.238300 ms  DeleteObjects: 0.067200 ms)

AssetImportParameters requested are different than current active one (requested -> active):
  custom:video-decoder-ogg-theora: a1e56fd34408186e4bbccfd4996cb3dc -> 
  custom:container-muxer-webm: aa71ff27fc2769a1b78a27578f13a17b -> 
  custom:container-demuxer-webm: 4f35f7cbe854078d1ac9338744f61a02 -> 
  custom:video-encoder-webm-vp8: eb34c28f22e8b96e1ab97ce403110664 -> 
  custom:video-codec-MediaFoundation-h265: 746d11721c4dcdbdad8f713fa42b33f4 -> 
  custom:audio-encoder-webm-vorbis: bf7c407c2cedff20999df2af8eb42d56 -> 
  custom:framework-win-MediaFoundation: 216162199b28c13a410421893ffa2e32 -> 
  custom:container-demuxer-ogg: 62fdf1f143b41e24485cea50d1cbac27 -> 
  custom:video-decoder-webm-vp8: 9c59270c3fd7afecdb556c50c9e8de78 -> 
  custom:audio-decoder-ogg-vorbis: bf7c407c2cedff20999df2af8eb42d56 -> 
========================================================================
Received Import Request.
  Time since last request: 10880.346672 seconds.
  path: Assets/PokéBall Z v.1.2.unity
  artifactKey: Guid(76ba30ec463c88e4c8fc2ae65c42ce1b) Importer(815301076,1909f56bfc062723c751e8b465ee728b)
Start importing Assets/PokéBall Z v.1.2.unity using Guid(76ba30ec463c88e4c8fc2ae65c42ce1b) Importer(815301076,1909f56bfc062723c751e8b465ee728b)  -> (artifact id: '321ab51f2f67c5c449a47497e83139ba') in 0.024515 seconds 
========================================================================
Received Import Request.
  Time since last request: 1.556035 seconds.
  path: Assets/PokéBall Z v.1.1.unity
  artifactKey: Guid(032d90eb14eaa4d4194575a3e2968556) Importer(815301076,1909f56bfc062723c751e8b465ee728b)
Start importing Assets/PokéBall Z v.1.1.unity using Guid(032d90eb14eaa4d4194575a3e2968556) Importer(815301076,1909f56bfc062723c751e8b465ee728b)  -> (artifact id: '9fa95fe941b73fb6db3f130158afec7f') in 0.017373 seconds 
========================================================================
Received Import Request.
  Time since last request: 16.038717 seconds.
  path: Assets/Scenes
  artifactKey: Guid(6dfd85869103c8947a115d1e79dd5d19) Importer(815301076,1909f56bfc062723c751e8b465ee728b)
Start importing Assets/Scenes using Guid(6dfd85869103c8947a115d1e79dd5d19) Importer(815301076,1909f56bfc062723c751e8b465ee728b)  -> (artifact id: 'f7db9df9c31f73082f0c3a373229737c') in 0.018184 seconds 
========================================================================
Received Import Request.
  Time since last request: 1.125506 seconds.
  path: Assets/Scenes/SampleScene.unity
  artifactKey: Guid(3fc8acdd13e6c734bafef6554d6fdbcd) Importer(815301076,1909f56bfc062723c751e8b465ee728b)
Start importing Assets/Scenes/SampleScene.unity using Guid(3fc8acdd13e6c734bafef6554d6fdbcd) Importer(815301076,1909f56bfc062723c751e8b465ee728b)  -> (artifact id: 'dcfb7a4ec96ec49e69e7f63f84fd1de5') in 0.021289 seconds 
========================================================================
Received Import Request.
  Time since last request: 2.081659 seconds.
  path: Assets/Adaptive Performance
  artifactKey: Guid(3e5ce58e8fb3d8c44957728735a9ffab) Importer(815301076,1909f56bfc062723c751e8b465ee728b)
Start importing Assets/Adaptive Performance using Guid(3e5ce58e8fb3d8c44957728735a9ffab) Importer(815301076,1909f56bfc062723c751e8b465ee728b)  -> (artifact id: 'c456e480419676599272ff703f6e1595') in 0.023679 seconds 
========================================================================
Received Import Request.
  Time since last request: 0.030700 seconds.
  path: Assets/Adaptive Performance/AdaptivePerformanceGeneralSettings.asset
  artifactKey: Guid(deb8d9f6e7520264dbd4c6200cbdcc3c) Importer(815301076,1909f56bfc062723c751e8b465ee728b)
Start importing Assets/Adaptive Performance/AdaptivePerformanceGeneralSettings.asset using Guid(deb8d9f6e7520264dbd4c6200cbdcc3c) Importer(815301076,1909f56bfc062723c751e8b465ee728b)  -> (artifact id: '50e6239c960e7d22e71bfd934666145b') in 0.037704 seconds 
========================================================================
Received Import Request.
  Time since last request: 4.412589 seconds.
  path: Assets/Editor
  artifactKey: Guid(d98ad1674ee8d5040ad22d07feddcab5) Importer(815301076,1909f56bfc062723c751e8b465ee728b)
Start importing Assets/Editor using Guid(d98ad1674ee8d5040ad22d07feddcab5) Importer(815301076,1909f56bfc062723c751e8b465ee728b)  -> (artifact id: 'f75ad63035031936eda7b353176c5493') in 0.026929 seconds 
========================================================================
Received Import Request.
  Time since last request: 3.247977 seconds.
  path: Assets/Materials
  artifactKey: Guid(3cb5b3864cd0d264188a793208040f49) Importer(815301076,1909f56bfc062723c751e8b465ee728b)
Start importing Assets/Materials using Guid(3cb5b3864cd0d264188a793208040f49) Importer(815301076,1909f56bfc062723c751e8b465ee728b)  -> (artifact id: '9084010ab109a8779ca9d2257b27069f') in 0.023069 seconds 
========================================================================
Received Import Request.
  Time since last request: 0.038655 seconds.
  path: Assets/Materials/PixelSnap.mat
  artifactKey: Guid(21766be82f4811a41993393f4fe95cf2) Importer(815301076,1909f56bfc062723c751e8b465ee728b)
Start importing Assets/Materials/PixelSnap.mat using Guid(21766be82f4811a41993393f4fe95cf2) Importer(815301076,1909f56bfc062723c751e8b465ee728b)  -> (artifact id: 'b2be2b26a8ef781be05699263195bb77') in 0.174066 seconds 
========================================================================
Received Prepare
Registering precompiled user dll's ...
Registered in 0.005162 seconds.
Begin MonoManager ReloadAssembly
Symbol file LoadedFromMemory doesn't match image E:\Downloads\PokeBall-Z-main\PokeBall-Z-main\Library\PackageCache\com.unity.visualscripting@1.7.8\Editor\VisualScripting.Core\Dependencies\YamlDotNet\Unity.VisualScripting.YamlDotNet.dll
Symbol file LoadedFromMemory doesn't match image E:\Downloads\PokeBall-Z-main\PokeBall-Z-main\Library\PackageCache\com.unity.visualscripting@1.7.8\Editor\VisualScripting.Core\Dependencies\DotNetZip\Unity.VisualScripting.IonicZip.dll
Native extension for WindowsStandalone target not found
Native extension for iOS target not found
Native extension for Android target not found
Native extension for WebGL target not found
Refreshing native plugins compatible for Editor in 0.63 ms, found 4 plugins.
Preloading 0 native plugins for Editor in 0.00 ms.
Mono: successfully reloaded assembly
- Completed reload, in  1.124 seconds
Domain Reload Profiling:
	ReloadAssembly (1124ms)
		BeginReloadAssembly (139ms)
			ExecutionOrderSort (0ms)
			DisableScriptedObjects (4ms)
			BackupInstance (0ms)
			ReleaseScriptingObjects (0ms)
			CreateAndSetChildDomain (30ms)
		EndReloadAssembly (810ms)
			LoadAssemblies (94ms)
			RebuildTransferFunctionScriptingTraits (0ms)
			SetupTypeCache (207ms)
			ReleaseScriptCaches (1ms)
			RebuildScriptCaches (40ms)
			SetupLoadedEditorAssemblies (433ms)
				LogAssemblyErrors (0ms)
				InitializePlatformSupportModulesInManaged (30ms)
				SetLoadedEditorAssemblies (0ms)
				RefreshPlugins (1ms)
				BeforeProcessingInitializeOnLoad (95ms)
				ProcessInitializeOnLoadAttributes (264ms)
				ProcessInitializeOnLoadMethodAttributes (33ms)
				AfterProcessingInitializeOnLoad (10ms)
				EditorAssembliesLoaded (0ms)
			ExecutionOrderSort2 (0ms)
			AwakeInstancesAfterBackupRestoration (7ms)
Platform modules already initialized, skipping
Refreshing native plugins compatible for Editor in 3.28 ms, found 4 plugins.
Preloading 0 native plugins for Editor in 0.00 ms.
Unloading 4282 Unused Serialized files (Serialized files now loaded: 0)
Unloading 40 unused Assets / (24.7 KB). Loaded Objects now: 4780.
Memory consumption went from 162.3 MB to 162.3 MB.
Total: 2.570600 ms (FindLiveObjects: 0.240300 ms CreateObjectMapping: 0.138500 ms MarkObjects: 2.161300 ms  DeleteObjects: 0.029700 ms)

AssetImportParameters requested are different than current active one (requested -> active):
  custom:video-decoder-ogg-theora: a1e56fd34408186e4bbccfd4996cb3dc -> 
  custom:container-muxer-webm: aa71ff27fc2769a1b78a27578f13a17b -> 
  custom:container-demuxer-webm: 4f35f7cbe854078d1ac9338744f61a02 -> 
  custom:video-encoder-webm-vp8: eb34c28f22e8b96e1ab97ce403110664 -> 
  custom:video-codec-MediaFoundation-h265: 746d11721c4dcdbdad8f713fa42b33f4 -> 
  custom:audio-encoder-webm-vorbis: bf7c407c2cedff20999df2af8eb42d56 -> 
  custom:framework-win-MediaFoundation: 216162199b28c13a410421893ffa2e32 -> 
  custom:container-demuxer-ogg: 62fdf1f143b41e24485cea50d1cbac27 -> 
  custom:video-decoder-webm-vp8: 9c59270c3fd7afecdb556c50c9e8de78 -> 
  custom:audio-decoder-ogg-vorbis: bf7c407c2cedff20999df2af8eb42d56 -> 
========================================================================
Received Import Request.
  Time since last request: 42.189124 seconds.
  path: Assets/Editor/com.unity.mobile.notifications
  artifactKey: Guid(8d94ea3741ad8d344a76cca0aa62f67e) Importer(815301076,1909f56bfc062723c751e8b465ee728b)
Start importing Assets/Editor/com.unity.mobile.notifications using Guid(8d94ea3741ad8d344a76cca0aa62f67e) Importer(815301076,1909f56bfc062723c751e8b465ee728b)  -> (artifact id: '58d596b89d013a0a0f6958b751d61d4f') in 0.021422 seconds 
========================================================================
Received Import Request.
  Time since last request: 0.066060 seconds.
  path: Assets/Editor/com.unity.mobile.notifications/NotificationSettings.asset
  artifactKey: Guid(4cee8bca36f2ab74b8feb832747fa6f4) Importer(815301076,1909f56bfc062723c751e8b465ee728b)
Start importing Assets/Editor/com.unity.mobile.notifications/NotificationSettings.asset using Guid(4cee8bca36f2ab74b8feb832747fa6f4) Importer(815301076,1909f56bfc062723c751e8b465ee728b)  -> (artifact id: 'f2fb5ae93f45b8acd27d12189192f1b7') in 0.026352 seconds 
========================================================================
Received Import Request.
  Time since last request: 1.850048 seconds.
  path: Assets/forest1
  artifactKey: Guid(687a6ed3e0b55b847b8deb82b190266a) Importer(815301076,1909f56bfc062723c751e8b465ee728b)
Start importing Assets/forest1 using Guid(687a6ed3e0b55b847b8deb82b190266a) Importer(815301076,1909f56bfc062723c751e8b465ee728b)  -> (artifact id: 'fc1c431e72732a62ba8732ba10441be9') in 0.078342 seconds 
========================================================================
Received Import Request.
  Time since last request: 0.000034 seconds.
  path: Assets/forest1/frame_03_delay-0.15s.gif
  artifactKey: Guid(22721ad6fdf919940a22170e9c2824d4) Importer(815301076,1909f56bfc062723c751e8b465ee728b)
Start importing Assets/forest1/frame_03_delay-0.15s.gif using Guid(22721ad6fdf919940a22170e9c2824d4) Importer(815301076,1909f56bfc062723c751e8b465ee728b)  -> (artifact id: '01d14eff5e8800bf8c43673d9163a75d') in 0.200657 seconds 
========================================================================
Received Import Request.
  Time since last request: 0.000026 seconds.
  path: Assets/forest1/frame_13_delay-0.15s.gif
  artifactKey: Guid(c15e01560b1bc294a86243234919faf8) Importer(815301076,1909f56bfc062723c751e8b465ee728b)
Start importing Assets/forest1/frame_13_delay-0.15s.gif using Guid(c15e01560b1bc294a86243234919faf8) Importer(815301076,1909f56bfc062723c751e8b465ee728b)  -> (artifact id: '15dbe305c4083b1fc88d9051043ca5dd') in 0.133467 seconds 
========================================================================
Received Import Request.
  Time since last request: 0.000021 seconds.
  path: Assets/forest1/frame_16_delay-0.15s.gif
  artifactKey: Guid(7708eaabf1e9cff44936f5569403f6d9) Importer(815301076,1909f56bfc062723c751e8b465ee728b)
Start importing Assets/forest1/frame_16_delay-0.15s.gif using Guid(7708eaabf1e9cff44936f5569403f6d9) Importer(815301076,1909f56bfc062723c751e8b465ee728b)  -> (artifact id: '5ef666bed59d356d56fee97949ea7498') in 0.248864 seconds 
========================================================================
Received Import Request.
  Time since last request: 0.000018 seconds.
  path: Assets/forest1/frame_24_delay-0.15s.gif
  artifactKey: Guid(7b8ed8129d4695b48824216922e98df3) Importer(815301076,1909f56bfc062723c751e8b465ee728b)
Start importing Assets/forest1/frame_24_delay-0.15s.gif using Guid(7b8ed8129d4695b48824216922e98df3) Importer(815301076,1909f56bfc062723c751e8b465ee728b)  -> (artifact id: 'b63f4e05e89f633be5cd1749cca01753') in 0.985998 seconds 
========================================================================
Received Import Request.
  Time since last request: 0.000030 seconds.
  path: Assets/forest1/frame_07_delay-0.15s.gif
  artifactKey: Guid(b50cbf4f736e4d0479e878f13654919b) Importer(815301076,1909f56bfc062723c751e8b465ee728b)
Start importing Assets/forest1/frame_07_delay-0.15s.gif using Guid(b50cbf4f736e4d0479e878f13654919b) Importer(815301076,1909f56bfc062723c751e8b465ee728b)  -> (artifact id: 'e2be2740cecbaf45abb4022f697704cf') in 0.985019 seconds 
========================================================================
Received Import Request.
  Time since last request: 0.000023 seconds.
  path: Assets/forest1/frame_08_delay-0.15s.gif
  artifactKey: Guid(aa5cd6ebbf063144190d214311b3be45) Importer(815301076,1909f56bfc062723c751e8b465ee728b)
Start importing Assets/forest1/frame_08_delay-0.15s.gif using Guid(aa5cd6ebbf063144190d214311b3be45) Importer(815301076,1909f56bfc062723c751e8b465ee728b)  -> (artifact id: '74de625b6b56583a7e3fd5630e158181') in 0.085787 seconds 
========================================================================
Received Import Request.
  Time since last request: 0.000028 seconds.
  path: Assets/forest1/frame_15_delay-0.15s.gif
  artifactKey: Guid(8769f8da20f75684e8a896a3735e4711) Importer(815301076,1909f56bfc062723c751e8b465ee728b)
Start importing Assets/forest1/frame_15_delay-0.15s.gif using Guid(8769f8da20f75684e8a896a3735e4711) Importer(815301076,1909f56bfc062723c751e8b465ee728b)  -> (artifact id: 'bd9278d071174aef028db0f4350d978e') in 0.144134 seconds 
========================================================================
Received Import Request.
  Time since last request: 0.000017 seconds.
  path: Assets/forest1/frame_25_delay-0.15s.gif
  artifactKey: Guid(7eebace036ce883439f48e0758826670) Importer(815301076,1909f56bfc062723c751e8b465ee728b)
Start importing Assets/forest1/frame_25_delay-0.15s.gif using Guid(7eebace036ce883439f48e0758826670) Importer(815301076,1909f56bfc062723c751e8b465ee728b)  -> (artifact id: '066347e69a41b91a4aab8bcfcd724743') in 0.192485 seconds 
========================================================================
Received Import Request.
  Time since last request: 0.000020 seconds.
  path: Assets/forest1/frame_18_delay-0.15s.gif
  artifactKey: Guid(ff633d64e0b074949ae879c52d73bd35) Importer(815301076,1909f56bfc062723c751e8b465ee728b)
Start importing Assets/forest1/frame_18_delay-0.15s.gif using Guid(ff633d64e0b074949ae879c52d73bd35) Importer(815301076,1909f56bfc062723c751e8b465ee728b)  -> (artifact id: '48532d150230e7267139539c1cfe208c') in 0.189377 seconds 
========================================================================
Received Import Request.
  Time since last request: 0.000024 seconds.
  path: Assets/forest1/frame_12_delay-0.15s.gif
  artifactKey: Guid(5bc194accf3df6a45955aac6bdfe1d39) Importer(815301076,1909f56bfc062723c751e8b465ee728b)
Start importing Assets/forest1/frame_12_delay-0.15s.gif using Guid(5bc194accf3df6a45955aac6bdfe1d39) Importer(815301076,1909f56bfc062723c751e8b465ee728b)  -> (artifact id: '5a193ee1833ce1d809e7712e45d63da2') in 0.138402 seconds 
========================================================================
Received Import Request.
  Time since last request: 0.000025 seconds.
  path: Assets/forest1/frame_19_delay-0.15s.gif
  artifactKey: Guid(523826c7902f5614cbdf5a46873fbccc) Importer(815301076,1909f56bfc062723c751e8b465ee728b)
Start importing Assets/forest1/frame_19_delay-0.15s.gif using Guid(523826c7902f5614cbdf5a46873fbccc) Importer(815301076,1909f56bfc062723c751e8b465ee728b)  -> (artifact id: '59aa961caa06d78d2c36e37ea0f78b58') in 0.305180 seconds 
========================================================================
Received Import Request.
  Time since last request: 0.000026 seconds.
  path: Assets/forest1/frame_22_delay-0.15s.gif
  artifactKey: Guid(322754c88297a56499345d16e0b00cc3) Importer(815301076,1909f56bfc062723c751e8b465ee728b)
Start importing Assets/forest1/frame_22_delay-0.15s.gif using Guid(322754c88297a56499345d16e0b00cc3) Importer(815301076,1909f56bfc062723c751e8b465ee728b)  -> (artifact id: 'adcaf93d433208505e1e61671824b7a0') in 0.202089 seconds 
========================================================================
Received Import Request.
  Time since last request: 0.000031 seconds.
  path: Assets/forest1/frame_10_delay-0.15s.gif
  artifactKey: Guid(f0ab4d84eb3959c4fade007e9302482b) Importer(815301076,1909f56bfc062723c751e8b465ee728b)
Start importing Assets/forest1/frame_10_delay-0.15s.gif using Guid(f0ab4d84eb3959c4fade007e9302482b) Importer(815301076,1909f56bfc062723c751e8b465ee728b)  -> (artifact id: '90fc5aab65a470e87488438091f1b2e4') in 0.168914 seconds 
========================================================================
Received Import Request.
  Time since last request: 0.000023 seconds.
  path: Assets/forest1/frame_21_delay-0.15s.gif
  artifactKey: Guid(3f103329e31f6a1499cde44b1b2ff537) Importer(815301076,1909f56bfc062723c751e8b465ee728b)
Start importing Assets/forest1/frame_21_delay-0.15s.gif using Guid(3f103329e31f6a1499cde44b1b2ff537) Importer(815301076,1909f56bfc062723c751e8b465ee728b)  -> (artifact id: '39ead216bca7267ec6982d905c7cb4bf') in 0.219090 seconds 
========================================================================
Received Prepare
Registering precompiled user dll's ...
Registered in 0.010739 seconds.
Begin MonoManager ReloadAssembly
Symbol file LoadedFromMemory doesn't match image E:\Downloads\PokeBall-Z-main\PokeBall-Z-main\Library\PackageCache\com.unity.visualscripting@1.7.8\Editor\VisualScripting.Core\Dependencies\YamlDotNet\Unity.VisualScripting.YamlDotNet.dll
Symbol file LoadedFromMemory doesn't match image E:\Downloads\PokeBall-Z-main\PokeBall-Z-main\Library\PackageCache\com.unity.visualscripting@1.7.8\Editor\VisualScripting.Core\Dependencies\DotNetZip\Unity.VisualScripting.IonicZip.dll
Native extension for WindowsStandalone target not found
Native extension for iOS target not found
Native extension for Android target not found
Native extension for WebGL target not found
Refreshing native plugins compatible for Editor in 1.03 ms, found 4 plugins.
Preloading 0 native plugins for Editor in 0.00 ms.
Mono: successfully reloaded assembly
- Completed reload, in  1.083 seconds
Domain Reload Profiling:
	ReloadAssembly (1083ms)
		BeginReloadAssembly (137ms)
			ExecutionOrderSort (0ms)
			DisableScriptedObjects (5ms)
			BackupInstance (0ms)
			ReleaseScriptingObjects (0ms)
			CreateAndSetChildDomain (40ms)
		EndReloadAssembly (831ms)
			LoadAssemblies (96ms)
			RebuildTransferFunctionScriptingTraits (0ms)
			SetupTypeCache (238ms)
			ReleaseScriptCaches (2ms)
			RebuildScriptCaches (49ms)
			SetupLoadedEditorAssemblies (392ms)
				LogAssemblyErrors (0ms)
				InitializePlatformSupportModulesInManaged (38ms)
				SetLoadedEditorAssemblies (1ms)
				RefreshPlugins (1ms)
				BeforeProcessingInitializeOnLoad (115ms)
				ProcessInitializeOnLoadAttributes (188ms)
				ProcessInitializeOnLoadMethodAttributes (40ms)
				AfterProcessingInitializeOnLoad (11ms)
				EditorAssembliesLoaded (0ms)
			ExecutionOrderSort2 (0ms)
			AwakeInstancesAfterBackupRestoration (8ms)
Platform modules already initialized, skipping
Refreshing native plugins compatible for Editor in 2.92 ms, found 4 plugins.
Preloading 0 native plugins for Editor in 0.00 ms.
Unloading 4282 Unused Serialized files (Serialized files now loaded: 0)
Unloading 40 unused Assets / (24.7 KB). Loaded Objects now: 4787.
Memory consumption went from 162.4 MB to 162.3 MB.
Total: 3.141600 ms (FindLiveObjects: 0.303200 ms CreateObjectMapping: 0.232000 ms MarkObjects: 2.574900 ms  DeleteObjects: 0.030300 ms)

AssetImportParameters requested are different than current active one (requested -> active):
  custom:video-decoder-ogg-theora: a1e56fd34408186e4bbccfd4996cb3dc -> 
  custom:container-muxer-webm: aa71ff27fc2769a1b78a27578f13a17b -> 
  custom:container-demuxer-webm: 4f35f7cbe854078d1ac9338744f61a02 -> 
  custom:video-encoder-webm-vp8: eb34c28f22e8b96e1ab97ce403110664 -> 
  custom:video-codec-MediaFoundation-h265: 746d11721c4dcdbdad8f713fa42b33f4 -> 
  custom:audio-encoder-webm-vorbis: bf7c407c2cedff20999df2af8eb42d56 -> 
  custom:framework-win-MediaFoundation: 216162199b28c13a410421893ffa2e32 -> 
  custom:container-demuxer-ogg: 62fdf1f143b41e24485cea50d1cbac27 -> 
  custom:video-decoder-webm-vp8: 9c59270c3fd7afecdb556c50c9e8de78 -> 
  custom:audio-decoder-ogg-vorbis: bf7c407c2cedff20999df2af8eb42d56 -> 
Editor requested this worker to shutdown with reason: Scaling down because of idle timeout
AssetImportWorker is now disconnected from the server
Process exiting
Exiting without the bug reporter. Application will terminate with return code 0