Using pre-set license
Built from '2021.3/staging' branch; Version is '2021.3.15f1 (e8e88683f834) revision 15263878'; Using compiler version '192829333'; Build Type 'Release'
OS: 'Windows 10  (10.0.19045) 64bit Core' Language: 'en' Physical Memory: 32548 MB
BatchMode: 1, IsHumanControllingUs: 0, StartBugReporterOnCrash: 0, Is64bit: 1, IsPro: 1

COMMAND LINE ARGUMENTS:
C:\Program Files\Unity\Hub\Editor\2021.3.15f1\Editor\Unity.exe
-adb2
-batchMode
-noUpm
-name
AssetImportWorker1
-projectPath
E:/Downloads/PokeBall-Z-main/PokeBall-Z-main
-logFile
Logs/AssetImportWorker1.log
-srvPort
60135
Successfully changed project path to: E:/Downloads/PokeBall-Z-main/PokeBall-Z-main
E:/Downloads/PokeBall-Z-main/PokeBall-Z-main
[UnityMemory] Configuration Parameters - Can be set up in boot.config
    "memorysetup-bucket-allocator-granularity=16"
    "memorysetup-bucket-allocator-bucket-count=8"
    "memorysetup-bucket-allocator-block-size=33554432"
    "memorysetup-bucket-allocator-block-count=8"
    "memorysetup-main-allocator-block-size=16777216"
    "memorysetup-thread-allocator-block-size=16777216"
    "memorysetup-gfx-main-allocator-block-size=16777216"
    "memorysetup-gfx-thread-allocator-block-size=16777216"
    "memorysetup-cache-allocator-block-size=4194304"
    "memorysetup-typetree-allocator-block-size=2097152"
    "memorysetup-profiler-bucket-allocator-granularity=16"
    "memorysetup-profiler-bucket-allocator-bucket-count=8"
    "memorysetup-profiler-bucket-allocator-block-size=33554432"
    "memorysetup-profiler-bucket-allocator-block-count=8"
    "memorysetup-profiler-allocator-block-size=16777216"
    "memorysetup-profiler-editor-allocator-block-size=1048576"
    "memorysetup-temp-allocator-size-main=16777216"
    "memorysetup-job-temp-allocator-block-size=2097152"
    "memorysetup-job-temp-allocator-block-size-background=1048576"
    "memorysetup-job-temp-allocator-reduction-small-platforms=262144"
    "memorysetup-temp-allocator-size-background-worker=32768"
    "memorysetup-temp-allocator-size-job-worker=262144"
    "memorysetup-temp-allocator-size-preload-manager=33554432"
    "memorysetup-temp-allocator-size-nav-mesh-worker=65536"
    "memorysetup-temp-allocator-size-audio-worker=65536"
    "memorysetup-temp-allocator-size-cloud-worker=32768"
    "memorysetup-temp-allocator-size-gi-baking-worker=262144"
    "memorysetup-temp-allocator-size-gfx=262144"
Player connection [25524] Host "[IP] 10.0.0.183 [Port] 0 [Flags] 2 [Guid] 3899423318 [EditorId] 3899423318 [Version] 1048832 [Id] WindowsEditor(7,Stephen) [Debug] 1 [PackageName] WindowsEditor [ProjectName] Editor" joined multi-casting on [225.0.0.222:54997]...

Player connection [25524] Host "[IP] 10.0.0.183 [Port] 0 [Flags] 2 [Guid] 3899423318 [EditorId] 3899423318 [Version] 1048832 [Id] WindowsEditor(7,Stephen) [Debug] 1 [PackageName] WindowsEditor [ProjectName] Editor" joined alternative multi-casting on [225.0.0.222:34997]...

Refreshing native plugins compatible for Editor in 96.76 ms, found 4 plugins.
Preloading 0 native plugins for Editor in 0.00 ms.
Initialize engine version: 2021.3.15f1 (e8e88683f834)
[Subsystems] Discovering subsystems at path C:/Program Files/Unity/Hub/Editor/2021.3.15f1/Editor/Data/Resources/UnitySubsystems
[Subsystems] Discovering subsystems at path E:/Downloads/PokeBall-Z-main/PokeBall-Z-main/Assets
GfxDevice: creating device client; threaded=0; jobified=0
Direct3D:
    Version:  Direct3D 11.0 [level 11.1]
    Renderer: NVIDIA GeForce RTX 3090 (ID=0x2204)
    Vendor:   NVIDIA
    VRAM:     24348 MB
    Driver:   30.0.15.1295
Initialize mono
Mono path[0] = 'C:/Program Files/Unity/Hub/Editor/2021.3.15f1/Editor/Data/Managed'
Mono path[1] = 'C:/Program Files/Unity/Hub/Editor/2021.3.15f1/Editor/Data/MonoBleedingEdge/lib/mono/unityjit-win32'
Mono config path = 'C:/Program Files/Unity/Hub/Editor/2021.3.15f1/Editor/Data/MonoBleedingEdge/etc'
Using monoOptions --debugger-agent=transport=dt_socket,embedding=1,server=y,suspend=n,address=127.0.0.1:56464
Begin MonoManager ReloadAssembly
Registering precompiled unity dll's ...
Register platform support module: C:/Program Files/Unity/Hub/Editor/2021.3.15f1/Editor/Data/PlaybackEngines/WebGLSupport/UnityEditor.WebGL.Extensions.dll
Register platform support module: C:/Program Files/Unity/Hub/Editor/2021.3.15f1/Editor/Data/PlaybackEngines/AndroidPlayer/UnityEditor.Android.Extensions.dll
Register platform support module: C:/Program Files/Unity/Hub/Editor/2021.3.15f1/Editor/Data/PlaybackEngines/iOSSupport/UnityEditor.iOS.Extensions.dll
Register platform support module: C:/Program Files/Unity/Hub/Editor/2021.3.15f1/Editor/Data/PlaybackEngines/WindowsStandaloneSupport/UnityEditor.WindowsStandalone.Extensions.dll
Registered in 0.009819 seconds.
Native extension for WindowsStandalone target not found
[usbmuxd] Start listen thread
[usbmuxd] Listen thread started
Native extension for iOS target not found
Native extension for Android target not found
Native extension for WebGL target not found
Refreshing native plugins compatible for Editor in 85.25 ms, found 4 plugins.
Preloading 0 native plugins for Editor in 0.00 ms.
Mono: successfully reloaded assembly
- Completed reload, in  0.601 seconds
Domain Reload Profiling:
	ReloadAssembly (601ms)
		BeginReloadAssembly (64ms)
			ExecutionOrderSort (0ms)
			DisableScriptedObjects (0ms)
			BackupInstance (0ms)
			ReleaseScriptingObjects (0ms)
			CreateAndSetChildDomain (1ms)
		EndReloadAssembly (435ms)
			LoadAssemblies (63ms)
			RebuildTransferFunctionScriptingTraits (0ms)
			SetupTypeCache (96ms)
			ReleaseScriptCaches (0ms)
			RebuildScriptCaches (28ms)
			SetupLoadedEditorAssemblies (265ms)
				LogAssemblyErrors (0ms)
				InitializePlatformSupportModulesInManaged (60ms)
				SetLoadedEditorAssemblies (0ms)
				RefreshPlugins (85ms)
				BeforeProcessingInitializeOnLoad (1ms)
				ProcessInitializeOnLoadAttributes (76ms)
				ProcessInitializeOnLoadMethodAttributes (42ms)
				AfterProcessingInitializeOnLoad (0ms)
				EditorAssembliesLoaded (0ms)
			ExecutionOrderSort2 (0ms)
			AwakeInstancesAfterBackupRestoration (0ms)
Platform modules already initialized, skipping
Registering precompiled user dll's ...
Registered in 0.005740 seconds.
Begin MonoManager ReloadAssembly
Symbol file LoadedFromMemory doesn't match image E:\Downloads\PokeBall-Z-main\PokeBall-Z-main\Library\PackageCache\com.unity.visualscripting@1.7.8\Editor\VisualScripting.Core\Dependencies\YamlDotNet\Unity.VisualScripting.YamlDotNet.dll
Symbol file LoadedFromMemory doesn't match image E:\Downloads\PokeBall-Z-main\PokeBall-Z-main\Library\PackageCache\com.unity.visualscripting@1.7.8\Editor\VisualScripting.Core\Dependencies\DotNetZip\Unity.VisualScripting.IonicZip.dll
Native extension for WindowsStandalone target not found
Native extension for iOS target not found
Native extension for Android target not found
Native extension for WebGL target not found
Refreshing native plugins compatible for Editor in 89.53 ms, found 4 plugins.
Preloading 0 native plugins for Editor in 0.00 ms.
Mono: successfully reloaded assembly
Package Manager log level set to [2]
- Completed reload, in  1.181 seconds
Domain Reload Profiling:
	ReloadAssembly (1182ms)
		BeginReloadAssembly (203ms)
			ExecutionOrderSort (0ms)
			DisableScriptedObjects (4ms)
			BackupInstance (0ms)
			ReleaseScriptingObjects (0ms)
			CreateAndSetChildDomain (119ms)
		EndReloadAssembly (877ms)
			LoadAssemblies (76ms)
			RebuildTransferFunctionScriptingTraits (0ms)
			SetupTypeCache (223ms)
			ReleaseScriptCaches (1ms)
			RebuildScriptCaches (51ms)
			SetupLoadedEditorAssemblies (483ms)
				LogAssemblyErrors (0ms)
				InitializePlatformSupportModulesInManaged (21ms)
				SetLoadedEditorAssemblies (0ms)
				RefreshPlugins (90ms)
				BeforeProcessingInitializeOnLoad (109ms)
				ProcessInitializeOnLoadAttributes (216ms)
				ProcessInitializeOnLoadMethodAttributes (39ms)
				AfterProcessingInitializeOnLoad (8ms)
				EditorAssembliesLoaded (0ms)
			ExecutionOrderSort2 (0ms)
			AwakeInstancesAfterBackupRestoration (5ms)
Platform modules already initialized, skipping
========================================================================
Worker process is ready to serve import requests
Launched and connected shader compiler UnityShaderCompiler.exe after 0.03 seconds
Refreshing native plugins compatible for Editor in 0.63 ms, found 4 plugins.
Preloading 0 native plugins for Editor in 0.00 ms.
Unloading 4293 Unused Serialized files (Serialized files now loaded: 0)
Unloading 53 unused Assets / (56.5 KB). Loaded Objects now: 4736.
Memory consumption went from 158.4 MB to 158.3 MB.
Total: 3.605100 ms (FindLiveObjects: 0.241700 ms CreateObjectMapping: 0.122700 ms MarkObjects: 3.177600 ms  DeleteObjects: 0.061900 ms)

AssetImportParameters requested are different than current active one (requested -> active):
  custom:video-decoder-ogg-theora: a1e56fd34408186e4bbccfd4996cb3dc -> 
  custom:container-muxer-webm: aa71ff27fc2769a1b78a27578f13a17b -> 
  custom:container-demuxer-webm: 4f35f7cbe854078d1ac9338744f61a02 -> 
  custom:video-encoder-webm-vp8: eb34c28f22e8b96e1ab97ce403110664 -> 
  custom:video-codec-MediaFoundation-h265: 746d11721c4dcdbdad8f713fa42b33f4 -> 
  custom:audio-encoder-webm-vorbis: bf7c407c2cedff20999df2af8eb42d56 -> 
  custom:framework-win-MediaFoundation: 216162199b28c13a410421893ffa2e32 -> 
  custom:container-demuxer-ogg: 62fdf1f143b41e24485cea50d1cbac27 -> 
  custom:video-decoder-webm-vp8: 9c59270c3fd7afecdb556c50c9e8de78 -> 
  custom:audio-decoder-ogg-vorbis: bf7c407c2cedff20999df2af8eb42d56 -> 
========================================================================
Received Import Request.
  Time since last request: 10770.126968 seconds.
  path: Assets/mc/Red Spritesheet.png
  artifactKey: Guid(063c06e917aa7e74588eaf7cfbca4e87) Importer(815301076,1909f56bfc062723c751e8b465ee728b)
Start importing Assets/mc/Red Spritesheet.png using Guid(063c06e917aa7e74588eaf7cfbca4e87) Importer(815301076,1909f56bfc062723c751e8b465ee728b)  -> (artifact id: '69089f99d744908ee85ffdedbbe15489') in 0.142652 seconds 
========================================================================
Received Import Request.
  Time since last request: 34.110093 seconds.
  path: Assets/mc/DownWalk/Red Spritesheet_0.asset
  artifactKey: Guid(7180a6a9c0a29224eb9ce09f91ced2c8) Importer(815301076,1909f56bfc062723c751e8b465ee728b)
Start importing Assets/mc/DownWalk/Red Spritesheet_0.asset using Guid(7180a6a9c0a29224eb9ce09f91ced2c8) Importer(815301076,1909f56bfc062723c751e8b465ee728b)  -> (artifact id: '3055fab584209a4ded8081bffa674a0d') in 0.031753 seconds 
========================================================================
Received Import Request.
  Time since last request: 0.000047 seconds.
  path: Assets/mc/DownWalk/Red Spritesheet_3.asset
  artifactKey: Guid(c79c15c61df9c84448961b7db8272f8d) Importer(815301076,1909f56bfc062723c751e8b465ee728b)
Start importing Assets/mc/DownWalk/Red Spritesheet_3.asset using Guid(c79c15c61df9c84448961b7db8272f8d) Importer(815301076,1909f56bfc062723c751e8b465ee728b)  -> (artifact id: '0e78fcdad37fdff55f654931fe383ca9') in 0.033634 seconds 
========================================================================
Received Import Request.
  Time since last request: 0.000016 seconds.
  path: Assets/mc/DownWalk/Red Spritesheet_2.asset
  artifactKey: Guid(ce536bf8900aaa340886dc27590baa25) Importer(815301076,1909f56bfc062723c751e8b465ee728b)
Start importing Assets/mc/DownWalk/Red Spritesheet_2.asset using Guid(ce536bf8900aaa340886dc27590baa25) Importer(815301076,1909f56bfc062723c751e8b465ee728b)  -> (artifact id: '11912833ad17871f63ebd69c6992beac') in 0.025724 seconds 
========================================================================
Received Prepare
Registering precompiled user dll's ...
Registered in 0.005884 seconds.
Begin MonoManager ReloadAssembly
Symbol file LoadedFromMemory doesn't match image E:\Downloads\PokeBall-Z-main\PokeBall-Z-main\Library\PackageCache\com.unity.visualscripting@1.7.8\Editor\VisualScripting.Core\Dependencies\YamlDotNet\Unity.VisualScripting.YamlDotNet.dll
Symbol file LoadedFromMemory doesn't match image E:\Downloads\PokeBall-Z-main\PokeBall-Z-main\Library\PackageCache\com.unity.visualscripting@1.7.8\Editor\VisualScripting.Core\Dependencies\DotNetZip\Unity.VisualScripting.IonicZip.dll
Native extension for WindowsStandalone target not found
Native extension for iOS target not found
Native extension for Android target not found
Native extension for WebGL target not found
Refreshing native plugins compatible for Editor in 0.67 ms, found 4 plugins.
Preloading 0 native plugins for Editor in 0.00 ms.
Mono: successfully reloaded assembly
- Completed reload, in  1.114 seconds
Domain Reload Profiling:
	ReloadAssembly (1114ms)
		BeginReloadAssembly (151ms)
			ExecutionOrderSort (0ms)
			DisableScriptedObjects (5ms)
			BackupInstance (0ms)
			ReleaseScriptingObjects (0ms)
			CreateAndSetChildDomain (39ms)
		EndReloadAssembly (787ms)
			LoadAssemblies (80ms)
			RebuildTransferFunctionScriptingTraits (0ms)
			SetupTypeCache (211ms)
			ReleaseScriptCaches (1ms)
			RebuildScriptCaches (38ms)
			SetupLoadedEditorAssemblies (413ms)
				LogAssemblyErrors (0ms)
				InitializePlatformSupportModulesInManaged (34ms)
				SetLoadedEditorAssemblies (0ms)
				RefreshPlugins (1ms)
				BeforeProcessingInitializeOnLoad (96ms)
				ProcessInitializeOnLoadAttributes (242ms)
				ProcessInitializeOnLoadMethodAttributes (31ms)
				AfterProcessingInitializeOnLoad (10ms)
				EditorAssembliesLoaded (0ms)
			ExecutionOrderSort2 (0ms)
			AwakeInstancesAfterBackupRestoration (7ms)
Platform modules already initialized, skipping
Refreshing native plugins compatible for Editor in 3.55 ms, found 4 plugins.
Preloading 0 native plugins for Editor in 0.00 ms.
Unloading 4282 Unused Serialized files (Serialized files now loaded: 0)
Unloading 40 unused Assets / (24.6 KB). Loaded Objects now: 4752.
Memory consumption went from 162.1 MB to 162.0 MB.
Total: 2.450500 ms (FindLiveObjects: 0.226000 ms CreateObjectMapping: 0.133500 ms MarkObjects: 2.064700 ms  DeleteObjects: 0.025600 ms)

AssetImportParameters requested are different than current active one (requested -> active):
  custom:video-decoder-ogg-theora: a1e56fd34408186e4bbccfd4996cb3dc -> 
  custom:container-muxer-webm: aa71ff27fc2769a1b78a27578f13a17b -> 
  custom:container-demuxer-webm: 4f35f7cbe854078d1ac9338744f61a02 -> 
  custom:video-encoder-webm-vp8: eb34c28f22e8b96e1ab97ce403110664 -> 
  custom:video-codec-MediaFoundation-h265: 746d11721c4dcdbdad8f713fa42b33f4 -> 
  custom:audio-encoder-webm-vorbis: bf7c407c2cedff20999df2af8eb42d56 -> 
  custom:framework-win-MediaFoundation: 216162199b28c13a410421893ffa2e32 -> 
  custom:container-demuxer-ogg: 62fdf1f143b41e24485cea50d1cbac27 -> 
  custom:video-decoder-webm-vp8: 9c59270c3fd7afecdb556c50c9e8de78 -> 
  custom:audio-decoder-ogg-vorbis: bf7c407c2cedff20999df2af8eb42d56 -> 
========================================================================
Received Import Request.
  Time since last request: 149.010895 seconds.
  path: Assets/forest1/frame_00_delay-0.15s.gif
  artifactKey: Guid(5ef36f8c54aabd4469a9fe711b403ac5) Importer(815301076,1909f56bfc062723c751e8b465ee728b)
Start importing Assets/forest1/frame_00_delay-0.15s.gif using Guid(5ef36f8c54aabd4469a9fe711b403ac5) Importer(815301076,1909f56bfc062723c751e8b465ee728b)  -> (artifact id: '31441bc6da64a67a8e630c37c26c1bc5') in 0.225307 seconds 
========================================================================
Received Import Request.
  Time since last request: 0.000029 seconds.
  path: Assets/forest1/frame_23_delay-0.15s.gif
  artifactKey: Guid(97b8e3edec50fce41882caaf519b701b) Importer(815301076,1909f56bfc062723c751e8b465ee728b)
Start importing Assets/forest1/frame_23_delay-0.15s.gif using Guid(97b8e3edec50fce41882caaf519b701b) Importer(815301076,1909f56bfc062723c751e8b465ee728b)  -> (artifact id: '2f208a563442c18a257e2b2379aeaa3f') in 0.136922 seconds 
========================================================================
Received Import Request.
  Time since last request: 0.000030 seconds.
  path: Assets/forest1/frame_14_delay-0.15s.gif
  artifactKey: Guid(5621d7620d5200340a36038a8099060b) Importer(815301076,1909f56bfc062723c751e8b465ee728b)
Start importing Assets/forest1/frame_14_delay-0.15s.gif using Guid(5621d7620d5200340a36038a8099060b) Importer(815301076,1909f56bfc062723c751e8b465ee728b)  -> (artifact id: '484d144d011de8f2b2740a6ec3bf260e') in 0.250053 seconds 
========================================================================
Received Import Request.
  Time since last request: 0.000016 seconds.
  path: Assets/forest1/frame_20_delay-0.15s.gif
  artifactKey: Guid(6253edde228872540b3980cda5054a8f) Importer(815301076,1909f56bfc062723c751e8b465ee728b)
Start importing Assets/forest1/frame_20_delay-0.15s.gif using Guid(6253edde228872540b3980cda5054a8f) Importer(815301076,1909f56bfc062723c751e8b465ee728b)  -> (artifact id: '585e8755c1477b0583e87ff36e87d3c3') in 0.985836 seconds 
========================================================================
Received Import Request.
  Time since last request: 0.000024 seconds.
  path: Assets/forest1/frame_06_delay-0.15s.gif
  artifactKey: Guid(532d284910b8efa48aef336e916d8032) Importer(815301076,1909f56bfc062723c751e8b465ee728b)
Start importing Assets/forest1/frame_06_delay-0.15s.gif using Guid(532d284910b8efa48aef336e916d8032) Importer(815301076,1909f56bfc062723c751e8b465ee728b)  -> (artifact id: 'b4c064c1bef14eb588b3a891481b2234') in 0.983350 seconds 
========================================================================
Received Import Request.
  Time since last request: 0.000029 seconds.
  path: Assets/forest1/frame_09_delay-0.15s.gif
  artifactKey: Guid(efa6a40f04ae1d34198552061bf9dcb2) Importer(815301076,1909f56bfc062723c751e8b465ee728b)
Start importing Assets/forest1/frame_09_delay-0.15s.gif using Guid(efa6a40f04ae1d34198552061bf9dcb2) Importer(815301076,1909f56bfc062723c751e8b465ee728b)  -> (artifact id: 'c7c40ea6a2e505c222b0bbb367a6d1fd') in 0.084121 seconds 
========================================================================
Received Import Request.
  Time since last request: 0.000025 seconds.
  path: Assets/forest1/frame_26_delay-0.15s.gif
  artifactKey: Guid(34689cc3734cdfc4980f1cb7d183e0ab) Importer(815301076,1909f56bfc062723c751e8b465ee728b)
Start importing Assets/forest1/frame_26_delay-0.15s.gif using Guid(34689cc3734cdfc4980f1cb7d183e0ab) Importer(815301076,1909f56bfc062723c751e8b465ee728b)  -> (artifact id: '96399ace8b18e1c664109f3de935a164') in 0.146731 seconds 
========================================================================
Received Import Request.
  Time since last request: 0.000049 seconds.
  path: Assets/forest1/frame_04_delay-0.15s.gif
  artifactKey: Guid(79fcccf77a726dc42808497d2d859d74) Importer(815301076,1909f56bfc062723c751e8b465ee728b)
Start importing Assets/forest1/frame_04_delay-0.15s.gif using Guid(79fcccf77a726dc42808497d2d859d74) Importer(815301076,1909f56bfc062723c751e8b465ee728b)  -> (artifact id: '801dab3e2f6ecf2135a297e12d1510e2') in 0.184413 seconds 
========================================================================
Received Import Request.
  Time since last request: 0.000018 seconds.
  path: Assets/forest1/frame_01_delay-0.15s.gif
  artifactKey: Guid(65da5e4968cf6344c893480c4b5578d4) Importer(815301076,1909f56bfc062723c751e8b465ee728b)
Start importing Assets/forest1/frame_01_delay-0.15s.gif using Guid(65da5e4968cf6344c893480c4b5578d4) Importer(815301076,1909f56bfc062723c751e8b465ee728b)  -> (artifact id: '7ecbca6f8ba1129a191e0e41666aba11') in 0.178472 seconds 
========================================================================
Received Import Request.
  Time since last request: 0.000023 seconds.
  path: Assets/forest1/frame_05_delay-0.15s.gif
  artifactKey: Guid(71275287e6f7ff046bfc7c508bbf5cef) Importer(815301076,1909f56bfc062723c751e8b465ee728b)
Start importing Assets/forest1/frame_05_delay-0.15s.gif using Guid(71275287e6f7ff046bfc7c508bbf5cef) Importer(815301076,1909f56bfc062723c751e8b465ee728b)  -> (artifact id: 'ee8306e4aa712286d411c02daf8633f3') in 0.149297 seconds 
========================================================================
Received Import Request.
  Time since last request: 0.000024 seconds.
  path: Assets/forest1/frame_11_delay-0.15s.gif
  artifactKey: Guid(1fc3730e5048893408b3ba9e09108e15) Importer(815301076,1909f56bfc062723c751e8b465ee728b)
Start importing Assets/forest1/frame_11_delay-0.15s.gif using Guid(1fc3730e5048893408b3ba9e09108e15) Importer(815301076,1909f56bfc062723c751e8b465ee728b)  -> (artifact id: 'ca2c3533d8367da2455e51e085bb6b0e') in 0.179531 seconds 
========================================================================
Received Import Request.
  Time since last request: 0.000016 seconds.
  path: Assets/forest1/frame_27_delay-0.15s.gif
  artifactKey: Guid(44fc212e05f54e04a8daa0c7876508f9) Importer(815301076,1909f56bfc062723c751e8b465ee728b)
Start importing Assets/forest1/frame_27_delay-0.15s.gif using Guid(44fc212e05f54e04a8daa0c7876508f9) Importer(815301076,1909f56bfc062723c751e8b465ee728b)  -> (artifact id: '0062c1a48b805760fed1055f8e42d71d') in 0.240927 seconds 
========================================================================
Received Import Request.
  Time since last request: 0.000055 seconds.
  path: Assets/forest1/frame_02_delay-0.15s.gif
  artifactKey: Guid(c93af157361b74d4084bb132c434cb86) Importer(815301076,1909f56bfc062723c751e8b465ee728b)
Start importing Assets/forest1/frame_02_delay-0.15s.gif using Guid(c93af157361b74d4084bb132c434cb86) Importer(815301076,1909f56bfc062723c751e8b465ee728b)  -> (artifact id: 'bac308fa0229d268d96811483570b330') in 0.188931 seconds 
========================================================================
Received Import Request.
  Time since last request: 0.000030 seconds.
  path: Assets/forest1/frame_17_delay-0.15s.gif
  artifactKey: Guid(cb5063f7679fbeb4595bd5a68d9475a3) Importer(815301076,1909f56bfc062723c751e8b465ee728b)
Start importing Assets/forest1/frame_17_delay-0.15s.gif using Guid(cb5063f7679fbeb4595bd5a68d9475a3) Importer(815301076,1909f56bfc062723c751e8b465ee728b)  -> (artifact id: '118bb3a99e9a812cc80f93b73c694c93') in 0.280831 seconds 
========================================================================
Received Prepare
Registering precompiled user dll's ...
Registered in 0.010932 seconds.
Begin MonoManager ReloadAssembly
Symbol file LoadedFromMemory doesn't match image E:\Downloads\PokeBall-Z-main\PokeBall-Z-main\Library\PackageCache\com.unity.visualscripting@1.7.8\Editor\VisualScripting.Core\Dependencies\YamlDotNet\Unity.VisualScripting.YamlDotNet.dll
Symbol file LoadedFromMemory doesn't match image E:\Downloads\PokeBall-Z-main\PokeBall-Z-main\Library\PackageCache\com.unity.visualscripting@1.7.8\Editor\VisualScripting.Core\Dependencies\DotNetZip\Unity.VisualScripting.IonicZip.dll
Native extension for WindowsStandalone target not found
Native extension for iOS target not found
Native extension for Android target not found
Native extension for WebGL target not found
Refreshing native plugins compatible for Editor in 0.89 ms, found 4 plugins.
Preloading 0 native plugins for Editor in 0.00 ms.
Mono: successfully reloaded assembly
- Completed reload, in  1.077 seconds
Domain Reload Profiling:
	ReloadAssembly (1078ms)
		BeginReloadAssembly (138ms)
			ExecutionOrderSort (0ms)
			DisableScriptedObjects (5ms)
			BackupInstance (0ms)
			ReleaseScriptingObjects (0ms)
			CreateAndSetChildDomain (38ms)
		EndReloadAssembly (835ms)
			LoadAssemblies (94ms)
			RebuildTransferFunctionScriptingTraits (0ms)
			SetupTypeCache (232ms)
			ReleaseScriptCaches (1ms)
			RebuildScriptCaches (49ms)
			SetupLoadedEditorAssemblies (401ms)
				LogAssemblyErrors (0ms)
				InitializePlatformSupportModulesInManaged (38ms)
				SetLoadedEditorAssemblies (1ms)
				RefreshPlugins (1ms)
				BeforeProcessingInitializeOnLoad (105ms)
				ProcessInitializeOnLoadAttributes (187ms)
				ProcessInitializeOnLoadMethodAttributes (58ms)
				AfterProcessingInitializeOnLoad (11ms)
				EditorAssembliesLoaded (0ms)
			ExecutionOrderSort2 (0ms)
			AwakeInstancesAfterBackupRestoration (7ms)
Platform modules already initialized, skipping
Refreshing native plugins compatible for Editor in 2.95 ms, found 4 plugins.
Preloading 0 native plugins for Editor in 0.00 ms.
Unloading 4282 Unused Serialized files (Serialized files now loaded: 0)
Unloading 40 unused Assets / (24.6 KB). Loaded Objects now: 4758.
Memory consumption went from 162.1 MB to 162.1 MB.
Total: 3.881600 ms (FindLiveObjects: 0.281900 ms CreateObjectMapping: 0.180100 ms MarkObjects: 3.384800 ms  DeleteObjects: 0.033600 ms)

AssetImportParameters requested are different than current active one (requested -> active):
  custom:video-decoder-ogg-theora: a1e56fd34408186e4bbccfd4996cb3dc -> 
  custom:container-muxer-webm: aa71ff27fc2769a1b78a27578f13a17b -> 
  custom:container-demuxer-webm: 4f35f7cbe854078d1ac9338744f61a02 -> 
  custom:video-encoder-webm-vp8: eb34c28f22e8b96e1ab97ce403110664 -> 
  custom:video-codec-MediaFoundation-h265: 746d11721c4dcdbdad8f713fa42b33f4 -> 
  custom:audio-encoder-webm-vorbis: bf7c407c2cedff20999df2af8eb42d56 -> 
  custom:framework-win-MediaFoundation: 216162199b28c13a410421893ffa2e32 -> 
  custom:container-demuxer-ogg: 62fdf1f143b41e24485cea50d1cbac27 -> 
  custom:video-decoder-webm-vp8: 9c59270c3fd7afecdb556c50c9e8de78 -> 
  custom:audio-decoder-ogg-vorbis: bf7c407c2cedff20999df2af8eb42d56 -> 
Editor requested this worker to shutdown with reason: Scaling down because of idle timeout
AssetImportWorker is now disconnected from the server
Process exiting
Exiting without the bug reporter. Application will terminate with return code 0